<?xml version="1.0" encoding="UTF-8"?>
<testng-results ignored="0" total="1" passed="1" failed="0" skipped="0">
  <reporter-output>
  </reporter-output>
  <suite started-at="2019-12-11T20:58:37 CST" name="Default suite" finished-at="2019-12-11T20:58:53 CST" duration-ms="15944">
    <groups>
    </groups>
    <test started-at="2019-12-11T20:58:37 CST" name="Default test" finished-at="2019-12-11T20:58:53 CST" duration-ms="15944">
      <class name="com.TestSenarios.Jri_signin">
        <test-method is-config="true" signature="beforeclass(java.lang.String)[pri:0, instance:com.TestSenarios.Jri_signin@3c72f59f]" started-at="2019-12-11T20:58:37 CST" name="beforeclass" finished-at="2019-12-11T20:58:43 CST" duration-ms="5648" status="PASS">
          <params>
            <param index="0">
              <value>
                <![CDATA[ie]]>
              </value>
            </param>
          </params>
          <reporter-output>
          </reporter-output>
        </test-method> <!-- beforeclass -->
        <test-method signature="f()[pri:0, instance:com.TestSenarios.Jri_signin@3c72f59f]" started-at="2019-12-11T20:58:43 CST" name="f" finished-at="2019-12-11T20:58:53 CST" duration-ms="10236" status="PASS">
          <reporter-output>
          </reporter-output>
        </test-method> <!-- f -->
      </class> <!-- com.TestSenarios.Jri_signin -->
    </test> <!-- Default test -->
  </suite> <!-- Default suite -->
</testng-results>
